<?xml version="1.0" encoding="UTF-8"?>
<testsuite xmlns:xsi="http://www.w3.org/2001/XMLSchema-instance" xsi:noNamespaceSchemaLocation="https://maven.apache.org/surefire/maven-surefire-plugin/xsd/surefire-test-report.xsd" version="3.0.2" name="org.example.Controllers.ElementAcceptanceTest" time="4.897" tests="3" errors="0" skipped="0" failures="0">
  <properties>
    <property name="java.specification.version" value="21"/>
    <property name="sun.jnu.encoding" value="UTF-8"/>
    <property name="java.class.path" value="/home/lay/Documentos/bootcamp/springboot/MendeleevAPI/target/test-classes:/home/lay/Documentos/bootcamp/springboot/MendeleevAPI/target/classes:/home/lay/.m2/repository/org/springframework/boot/spring-boot-starter-data-jpa/3.4.0/spring-boot-starter-data-jpa-3.4.0.jar:/home/lay/.m2/repository/org/springframework/boot/spring-boot-starter/3.4.0/spring-boot-starter-3.4.0.jar:/home/lay/.m2/repository/org/springframework/boot/spring-boot-starter-logging/3.4.0/spring-boot-starter-logging-3.4.0.jar:/home/lay/.m2/repository/ch/qos/logback/logback-classic/1.5.12/logback-classic-1.5.12.jar:/home/lay/.m2/repository/ch/qos/logback/logback-core/1.5.12/logback-core-1.5.12.jar:/home/lay/.m2/repository/org/apache/logging/log4j/log4j-to-slf4j/2.24.1/log4j-to-slf4j-2.24.1.jar:/home/lay/.m2/repository/org/apache/logging/log4j/log4j-api/2.24.1/log4j-api-2.24.1.jar:/home/lay/.m2/repository/org/slf4j/jul-to-slf4j/2.0.16/jul-to-slf4j-2.0.16.jar:/home/lay/.m2/repository/jakarta/annotation/jakarta.annotation-api/2.1.1/jakarta.annotation-api-2.1.1.jar:/home/lay/.m2/repository/org/yaml/snakeyaml/2.3/snakeyaml-2.3.jar:/home/lay/.m2/repository/org/springframework/boot/spring-boot-starter-jdbc/3.4.0/spring-boot-starter-jdbc-3.4.0.jar:/home/lay/.m2/repository/com/zaxxer/HikariCP/5.1.0/HikariCP-5.1.0.jar:/home/lay/.m2/repository/org/springframework/spring-jdbc/6.2.0/spring-jdbc-6.2.0.jar:/home/lay/.m2/repository/org/hibernate/orm/hibernate-core/6.6.2.Final/hibernate-core-6.6.2.Final.jar:/home/lay/.m2/repository/jakarta/persistence/jakarta.persistence-api/3.1.0/jakarta.persistence-api-3.1.0.jar:/home/lay/.m2/repository/jakarta/transaction/jakarta.transaction-api/2.0.1/jakarta.transaction-api-2.0.1.jar:/home/lay/.m2/repository/org/jboss/logging/jboss-logging/3.6.1.Final/jboss-logging-3.6.1.Final.jar:/home/lay/.m2/repository/org/hibernate/common/hibernate-commons-annotations/7.0.3.Final/hibernate-commons-annotations-7.0.3.Final.jar:/home/lay/.m2/repository/io/smallrye/jandex/3.2.0/jandex-3.2.0.jar:/home/lay/.m2/repository/com/fasterxml/classmate/1.7.0/classmate-1.7.0.jar:/home/lay/.m2/repository/net/bytebuddy/byte-buddy/1.15.10/byte-buddy-1.15.10.jar:/home/lay/.m2/repository/org/glassfish/jaxb/jaxb-runtime/4.0.5/jaxb-runtime-4.0.5.jar:/home/lay/.m2/repository/org/glassfish/jaxb/jaxb-core/4.0.5/jaxb-core-4.0.5.jar:/home/lay/.m2/repository/org/eclipse/angus/angus-activation/2.0.2/angus-activation-2.0.2.jar:/home/lay/.m2/repository/org/glassfish/jaxb/txw2/4.0.5/txw2-4.0.5.jar:/home/lay/.m2/repository/com/sun/istack/istack-commons-runtime/4.1.2/istack-commons-runtime-4.1.2.jar:/home/lay/.m2/repository/jakarta/inject/jakarta.inject-api/2.0.1/jakarta.inject-api-2.0.1.jar:/home/lay/.m2/repository/org/antlr/antlr4-runtime/4.13.0/antlr4-runtime-4.13.0.jar:/home/lay/.m2/repository/org/springframework/data/spring-data-jpa/3.4.0/spring-data-jpa-3.4.0.jar:/home/lay/.m2/repository/org/springframework/data/spring-data-commons/3.4.0/spring-data-commons-3.4.0.jar:/home/lay/.m2/repository/org/springframework/spring-orm/6.2.0/spring-orm-6.2.0.jar:/home/lay/.m2/repository/org/springframework/spring-context/6.2.0/spring-context-6.2.0.jar:/home/lay/.m2/repository/org/springframework/spring-aop/6.2.0/spring-aop-6.2.0.jar:/home/lay/.m2/repository/org/springframework/spring-tx/6.2.0/spring-tx-6.2.0.jar:/home/lay/.m2/repository/org/springframework/spring-beans/6.2.0/spring-beans-6.2.0.jar:/home/lay/.m2/repository/org/slf4j/slf4j-api/2.0.16/slf4j-api-2.0.16.jar:/home/lay/.m2/repository/org/springframework/spring-aspects/6.2.0/spring-aspects-6.2.0.jar:/home/lay/.m2/repository/org/aspectj/aspectjweaver/1.9.22.1/aspectjweaver-1.9.22.1.jar:/home/lay/.m2/repository/org/springframework/boot/spring-boot-starter-validation/3.4.0/spring-boot-starter-validation-3.4.0.jar:/home/lay/.m2/repository/org/apache/tomcat/embed/tomcat-embed-el/10.1.33/tomcat-embed-el-10.1.33.jar:/home/lay/.m2/repository/org/hibernate/validator/hibernate-validator/8.0.1.Final/hibernate-validator-8.0.1.Final.jar:/home/lay/.m2/repository/jakarta/validation/jakarta.validation-api/3.0.2/jakarta.validation-api-3.0.2.jar:/home/lay/.m2/repository/org/springframework/boot/spring-boot-starter-web/3.4.0/spring-boot-starter-web-3.4.0.jar:/home/lay/.m2/repository/org/springframework/boot/spring-boot-starter-json/3.4.0/spring-boot-starter-json-3.4.0.jar:/home/lay/.m2/repository/com/fasterxml/jackson/core/jackson-databind/2.18.1/jackson-databind-2.18.1.jar:/home/lay/.m2/repository/com/fasterxml/jackson/core/jackson-annotations/2.18.1/jackson-annotations-2.18.1.jar:/home/lay/.m2/repository/com/fasterxml/jackson/core/jackson-core/2.18.1/jackson-core-2.18.1.jar:/home/lay/.m2/repository/com/fasterxml/jackson/datatype/jackson-datatype-jdk8/2.18.1/jackson-datatype-jdk8-2.18.1.jar:/home/lay/.m2/repository/com/fasterxml/jackson/datatype/jackson-datatype-jsr310/2.18.1/jackson-datatype-jsr310-2.18.1.jar:/home/lay/.m2/repository/com/fasterxml/jackson/module/jackson-module-parameter-names/2.18.1/jackson-module-parameter-names-2.18.1.jar:/home/lay/.m2/repository/org/springframework/boot/spring-boot-starter-tomcat/3.4.0/spring-boot-starter-tomcat-3.4.0.jar:/home/lay/.m2/repository/org/apache/tomcat/embed/tomcat-embed-core/10.1.33/tomcat-embed-core-10.1.33.jar:/home/lay/.m2/repository/org/apache/tomcat/embed/tomcat-embed-websocket/10.1.33/tomcat-embed-websocket-10.1.33.jar:/home/lay/.m2/repository/org/springframework/spring-web/6.2.0/spring-web-6.2.0.jar:/home/lay/.m2/repository/io/micrometer/micrometer-observation/1.14.1/micrometer-observation-1.14.1.jar:/home/lay/.m2/repository/io/micrometer/micrometer-commons/1.14.1/micrometer-commons-1.14.1.jar:/home/lay/.m2/repository/org/springframework/spring-webmvc/6.2.0/spring-webmvc-6.2.0.jar:/home/lay/.m2/repository/org/springframework/spring-expression/6.2.0/spring-expression-6.2.0.jar:/home/lay/.m2/repository/com/h2database/h2/2.3.232/h2-2.3.232.jar:/home/lay/.m2/repository/org/projectlombok/lombok/1.18.36/lombok-1.18.36.jar:/home/lay/.m2/repository/org/springframework/boot/spring-boot-starter-test/3.4.0/spring-boot-starter-test-3.4.0.jar:/home/lay/.m2/repository/org/springframework/boot/spring-boot-test/3.4.0/spring-boot-test-3.4.0.jar:/home/lay/.m2/repository/org/springframework/boot/spring-boot-test-autoconfigure/3.4.0/spring-boot-test-autoconfigure-3.4.0.jar:/home/lay/.m2/repository/com/jayway/jsonpath/json-path/2.9.0/json-path-2.9.0.jar:/home/lay/.m2/repository/jakarta/xml/bind/jakarta.xml.bind-api/4.0.2/jakarta.xml.bind-api-4.0.2.jar:/home/lay/.m2/repository/jakarta/activation/jakarta.activation-api/2.1.3/jakarta.activation-api-2.1.3.jar:/home/lay/.m2/repository/net/minidev/json-smart/2.5.1/json-smart-2.5.1.jar:/home/lay/.m2/repository/net/minidev/accessors-smart/2.5.1/accessors-smart-2.5.1.jar:/home/lay/.m2/repository/org/ow2/asm/asm/9.6/asm-9.6.jar:/home/lay/.m2/repository/org/assertj/assertj-core/3.26.3/assertj-core-3.26.3.jar:/home/lay/.m2/repository/org/awaitility/awaitility/4.2.2/awaitility-4.2.2.jar:/home/lay/.m2/repository/org/junit/jupiter/junit-jupiter/5.11.3/junit-jupiter-5.11.3.jar:/home/lay/.m2/repository/org/junit/jupiter/junit-jupiter-api/5.11.3/junit-jupiter-api-5.11.3.jar:/home/lay/.m2/repository/org/opentest4j/opentest4j/1.3.0/opentest4j-1.3.0.jar:/home/lay/.m2/repository/org/junit/platform/junit-platform-commons/1.11.3/junit-platform-commons-1.11.3.jar:/home/lay/.m2/repository/org/apiguardian/apiguardian-api/1.1.2/apiguardian-api-1.1.2.jar:/home/lay/.m2/repository/org/junit/jupiter/junit-jupiter-params/5.11.3/junit-jupiter-params-5.11.3.jar:/home/lay/.m2/repository/org/junit/jupiter/junit-jupiter-engine/5.11.3/junit-jupiter-engine-5.11.3.jar:/home/lay/.m2/repository/org/junit/platform/junit-platform-engine/1.11.3/junit-platform-engine-1.11.3.jar:/home/lay/.m2/repository/org/mockito/mockito-core/5.14.2/mockito-core-5.14.2.jar:/home/lay/.m2/repository/net/bytebuddy/byte-buddy-agent/1.15.10/byte-buddy-agent-1.15.10.jar:/home/lay/.m2/repository/org/objenesis/objenesis/3.3/objenesis-3.3.jar:/home/lay/.m2/repository/org/mockito/mockito-junit-jupiter/5.14.2/mockito-junit-jupiter-5.14.2.jar:/home/lay/.m2/repository/org/skyscreamer/jsonassert/1.5.3/jsonassert-1.5.3.jar:/home/lay/.m2/repository/com/vaadin/external/google/android-json/0.0.20131108.vaadin1/android-json-0.0.20131108.vaadin1.jar:/home/lay/.m2/repository/org/springframework/spring-core/6.2.0/spring-core-6.2.0.jar:/home/lay/.m2/repository/org/springframework/spring-jcl/6.2.0/spring-jcl-6.2.0.jar:/home/lay/.m2/repository/org/springframework/spring-test/6.2.0/spring-test-6.2.0.jar:/home/lay/.m2/repository/org/xmlunit/xmlunit-core/2.10.0/xmlunit-core-2.10.0.jar:/home/lay/.m2/repository/org/springframework/boot/spring-boot-devtools/3.4.0/spring-boot-devtools-3.4.0.jar:/home/lay/.m2/repository/org/springframework/boot/spring-boot/3.4.0/spring-boot-3.4.0.jar:/home/lay/.m2/repository/org/springframework/boot/spring-boot-autoconfigure/3.4.0/spring-boot-autoconfigure-3.4.0.jar:/home/lay/.m2/repository/io/rest-assured/rest-assured/5.3.0/rest-assured-5.3.0.jar:/home/lay/.m2/repository/org/apache/groovy/groovy/4.0.24/groovy-4.0.24.jar:/home/lay/.m2/repository/org/apache/groovy/groovy-xml/4.0.24/groovy-xml-4.0.24.jar:/home/lay/.m2/repository/org/apache/httpcomponents/httpclient/4.5.13/httpclient-4.5.13.jar:/home/lay/.m2/repository/org/apache/httpcomponents/httpcore/4.4.16/httpcore-4.4.16.jar:/home/lay/.m2/repository/commons-logging/commons-logging/1.2/commons-logging-1.2.jar:/home/lay/.m2/repository/commons-codec/commons-codec/1.17.1/commons-codec-1.17.1.jar:/home/lay/.m2/repository/org/apache/httpcomponents/httpmime/4.5.13/httpmime-4.5.13.jar:/home/lay/.m2/repository/org/ccil/cowan/tagsoup/tagsoup/1.2.1/tagsoup-1.2.1.jar:/home/lay/.m2/repository/io/rest-assured/json-path/5.5.0/json-path-5.5.0.jar:/home/lay/.m2/repository/org/apache/groovy/groovy-json/4.0.24/groovy-json-4.0.24.jar:/home/lay/.m2/repository/io/rest-assured/rest-assured-common/5.5.0/rest-assured-common-5.5.0.jar:/home/lay/.m2/repository/io/rest-assured/xml-path/5.5.0/xml-path-5.5.0.jar:/home/lay/.m2/repository/org/apache/commons/commons-lang3/3.17.0/commons-lang3-3.17.0.jar:/home/lay/.m2/repository/org/hamcrest/hamcrest/2.2/hamcrest-2.2.jar:/home/lay/.m2/repository/junit/junit/4.13.2/junit-4.13.2.jar:/home/lay/.m2/repository/org/hamcrest/hamcrest-core/2.2/hamcrest-core-2.2.jar:/home/lay/.m2/repository/org/postgresql/postgresql/42.7.4/postgresql-42.7.4.jar:/home/lay/.m2/repository/org/checkerframework/checker-qual/3.42.0/checker-qual-3.42.0.jar:"/>
    <property name="java.vm.vendor" value="Oracle Corporation"/>
    <property name="sun.arch.data.model" value="64"/>
    <property name="java.vendor.url" value="https://java.oracle.com/"/>
    <property name="user.timezone" value="Europe/Madrid"/>
    <property name="org.jboss.logging.provider" value="slf4j"/>
    <property name="os.name" value="Linux"/>
    <property name="java.vm.specification.version" value="21"/>
    <property name="sun.java.launcher" value="SUN_STANDARD"/>
    <property name="user.country" value="ES"/>
    <property name="sun.boot.library.path" value="/usr/lib/jvm/jdk-21.0.5-oracle-x64/lib"/>
    <property name="sun.java.command" value="/home/lay/Documentos/bootcamp/springboot/MendeleevAPI/target/surefire/surefirebooter-20241219175607296_3.jar /home/lay/Documentos/bootcamp/springboot/MendeleevAPI/target/surefire 2024-12-19T17-56-07_232-jvmRun1 surefire-20241219175607296_1tmp surefire_0-20241219175607296_2tmp"/>
    <property name="jdk.debug" value="release"/>
    <property name="surefire.test.class.path" value="/home/lay/Documentos/bootcamp/springboot/MendeleevAPI/target/test-classes:/home/lay/Documentos/bootcamp/springboot/MendeleevAPI/target/classes:/home/lay/.m2/repository/org/springframework/boot/spring-boot-starter-data-jpa/3.4.0/spring-boot-starter-data-jpa-3.4.0.jar:/home/lay/.m2/repository/org/springframework/boot/spring-boot-starter/3.4.0/spring-boot-starter-3.4.0.jar:/home/lay/.m2/repository/org/springframework/boot/spring-boot-starter-logging/3.4.0/spring-boot-starter-logging-3.4.0.jar:/home/lay/.m2/repository/ch/qos/logback/logback-classic/1.5.12/logback-classic-1.5.12.jar:/home/lay/.m2/repository/ch/qos/logback/logback-core/1.5.12/logback-core-1.5.12.jar:/home/lay/.m2/repository/org/apache/logging/log4j/log4j-to-slf4j/2.24.1/log4j-to-slf4j-2.24.1.jar:/home/lay/.m2/repository/org/apache/logging/log4j/log4j-api/2.24.1/log4j-api-2.24.1.jar:/home/lay/.m2/repository/org/slf4j/jul-to-slf4j/2.0.16/jul-to-slf4j-2.0.16.jar:/home/lay/.m2/repository/jakarta/annotation/jakarta.annotation-api/2.1.1/jakarta.annotation-api-2.1.1.jar:/home/lay/.m2/repository/org/yaml/snakeyaml/2.3/snakeyaml-2.3.jar:/home/lay/.m2/repository/org/springframework/boot/spring-boot-starter-jdbc/3.4.0/spring-boot-starter-jdbc-3.4.0.jar:/home/lay/.m2/repository/com/zaxxer/HikariCP/5.1.0/HikariCP-5.1.0.jar:/home/lay/.m2/repository/org/springframework/spring-jdbc/6.2.0/spring-jdbc-6.2.0.jar:/home/lay/.m2/repository/org/hibernate/orm/hibernate-core/6.6.2.Final/hibernate-core-6.6.2.Final.jar:/home/lay/.m2/repository/jakarta/persistence/jakarta.persistence-api/3.1.0/jakarta.persistence-api-3.1.0.jar:/home/lay/.m2/repository/jakarta/transaction/jakarta.transaction-api/2.0.1/jakarta.transaction-api-2.0.1.jar:/home/lay/.m2/repository/org/jboss/logging/jboss-logging/3.6.1.Final/jboss-logging-3.6.1.Final.jar:/home/lay/.m2/repository/org/hibernate/common/hibernate-commons-annotations/7.0.3.Final/hibernate-commons-annotations-7.0.3.Final.jar:/home/lay/.m2/repository/io/smallrye/jandex/3.2.0/jandex-3.2.0.jar:/home/lay/.m2/repository/com/fasterxml/classmate/1.7.0/classmate-1.7.0.jar:/home/lay/.m2/repository/net/bytebuddy/byte-buddy/1.15.10/byte-buddy-1.15.10.jar:/home/lay/.m2/repository/org/glassfish/jaxb/jaxb-runtime/4.0.5/jaxb-runtime-4.0.5.jar:/home/lay/.m2/repository/org/glassfish/jaxb/jaxb-core/4.0.5/jaxb-core-4.0.5.jar:/home/lay/.m2/repository/org/eclipse/angus/angus-activation/2.0.2/angus-activation-2.0.2.jar:/home/lay/.m2/repository/org/glassfish/jaxb/txw2/4.0.5/txw2-4.0.5.jar:/home/lay/.m2/repository/com/sun/istack/istack-commons-runtime/4.1.2/istack-commons-runtime-4.1.2.jar:/home/lay/.m2/repository/jakarta/inject/jakarta.inject-api/2.0.1/jakarta.inject-api-2.0.1.jar:/home/lay/.m2/repository/org/antlr/antlr4-runtime/4.13.0/antlr4-runtime-4.13.0.jar:/home/lay/.m2/repository/org/springframework/data/spring-data-jpa/3.4.0/spring-data-jpa-3.4.0.jar:/home/lay/.m2/repository/org/springframework/data/spring-data-commons/3.4.0/spring-data-commons-3.4.0.jar:/home/lay/.m2/repository/org/springframework/spring-orm/6.2.0/spring-orm-6.2.0.jar:/home/lay/.m2/repository/org/springframework/spring-context/6.2.0/spring-context-6.2.0.jar:/home/lay/.m2/repository/org/springframework/spring-aop/6.2.0/spring-aop-6.2.0.jar:/home/lay/.m2/repository/org/springframework/spring-tx/6.2.0/spring-tx-6.2.0.jar:/home/lay/.m2/repository/org/springframework/spring-beans/6.2.0/spring-beans-6.2.0.jar:/home/lay/.m2/repository/org/slf4j/slf4j-api/2.0.16/slf4j-api-2.0.16.jar:/home/lay/.m2/repository/org/springframework/spring-aspects/6.2.0/spring-aspects-6.2.0.jar:/home/lay/.m2/repository/org/aspectj/aspectjweaver/1.9.22.1/aspectjweaver-1.9.22.1.jar:/home/lay/.m2/repository/org/springframework/boot/spring-boot-starter-validation/3.4.0/spring-boot-starter-validation-3.4.0.jar:/home/lay/.m2/repository/org/apache/tomcat/embed/tomcat-embed-el/10.1.33/tomcat-embed-el-10.1.33.jar:/home/lay/.m2/repository/org/hibernate/validator/hibernate-validator/8.0.1.Final/hibernate-validator-8.0.1.Final.jar:/home/lay/.m2/repository/jakarta/validation/jakarta.validation-api/3.0.2/jakarta.validation-api-3.0.2.jar:/home/lay/.m2/repository/org/springframework/boot/spring-boot-starter-web/3.4.0/spring-boot-starter-web-3.4.0.jar:/home/lay/.m2/repository/org/springframework/boot/spring-boot-starter-json/3.4.0/spring-boot-starter-json-3.4.0.jar:/home/lay/.m2/repository/com/fasterxml/jackson/core/jackson-databind/2.18.1/jackson-databind-2.18.1.jar:/home/lay/.m2/repository/com/fasterxml/jackson/core/jackson-annotations/2.18.1/jackson-annotations-2.18.1.jar:/home/lay/.m2/repository/com/fasterxml/jackson/core/jackson-core/2.18.1/jackson-core-2.18.1.jar:/home/lay/.m2/repository/com/fasterxml/jackson/datatype/jackson-datatype-jdk8/2.18.1/jackson-datatype-jdk8-2.18.1.jar:/home/lay/.m2/repository/com/fasterxml/jackson/datatype/jackson-datatype-jsr310/2.18.1/jackson-datatype-jsr310-2.18.1.jar:/home/lay/.m2/repository/com/fasterxml/jackson/module/jackson-module-parameter-names/2.18.1/jackson-module-parameter-names-2.18.1.jar:/home/lay/.m2/repository/org/springframework/boot/spring-boot-starter-tomcat/3.4.0/spring-boot-starter-tomcat-3.4.0.jar:/home/lay/.m2/repository/org/apache/tomcat/embed/tomcat-embed-core/10.1.33/tomcat-embed-core-10.1.33.jar:/home/lay/.m2/repository/org/apache/tomcat/embed/tomcat-embed-websocket/10.1.33/tomcat-embed-websocket-10.1.33.jar:/home/lay/.m2/repository/org/springframework/spring-web/6.2.0/spring-web-6.2.0.jar:/home/lay/.m2/repository/io/micrometer/micrometer-observation/1.14.1/micrometer-observation-1.14.1.jar:/home/lay/.m2/repository/io/micrometer/micrometer-commons/1.14.1/micrometer-commons-1.14.1.jar:/home/lay/.m2/repository/org/springframework/spring-webmvc/6.2.0/spring-webmvc-6.2.0.jar:/home/lay/.m2/repository/org/springframework/spring-expression/6.2.0/spring-expression-6.2.0.jar:/home/lay/.m2/repository/com/h2database/h2/2.3.232/h2-2.3.232.jar:/home/lay/.m2/repository/org/projectlombok/lombok/1.18.36/lombok-1.18.36.jar:/home/lay/.m2/repository/org/springframework/boot/spring-boot-starter-test/3.4.0/spring-boot-starter-test-3.4.0.jar:/home/lay/.m2/repository/org/springframework/boot/spring-boot-test/3.4.0/spring-boot-test-3.4.0.jar:/home/lay/.m2/repository/org/springframework/boot/spring-boot-test-autoconfigure/3.4.0/spring-boot-test-autoconfigure-3.4.0.jar:/home/lay/.m2/repository/com/jayway/jsonpath/json-path/2.9.0/json-path-2.9.0.jar:/home/lay/.m2/repository/jakarta/xml/bind/jakarta.xml.bind-api/4.0.2/jakarta.xml.bind-api-4.0.2.jar:/home/lay/.m2/repository/jakarta/activation/jakarta.activation-api/2.1.3/jakarta.activation-api-2.1.3.jar:/home/lay/.m2/repository/net/minidev/json-smart/2.5.1/json-smart-2.5.1.jar:/home/lay/.m2/repository/net/minidev/accessors-smart/2.5.1/accessors-smart-2.5.1.jar:/home/lay/.m2/repository/org/ow2/asm/asm/9.6/asm-9.6.jar:/home/lay/.m2/repository/org/assertj/assertj-core/3.26.3/assertj-core-3.26.3.jar:/home/lay/.m2/repository/org/awaitility/awaitility/4.2.2/awaitility-4.2.2.jar:/home/lay/.m2/repository/org/junit/jupiter/junit-jupiter/5.11.3/junit-jupiter-5.11.3.jar:/home/lay/.m2/repository/org/junit/jupiter/junit-jupiter-api/5.11.3/junit-jupiter-api-5.11.3.jar:/home/lay/.m2/repository/org/opentest4j/opentest4j/1.3.0/opentest4j-1.3.0.jar:/home/lay/.m2/repository/org/junit/platform/junit-platform-commons/1.11.3/junit-platform-commons-1.11.3.jar:/home/lay/.m2/repository/org/apiguardian/apiguardian-api/1.1.2/apiguardian-api-1.1.2.jar:/home/lay/.m2/repository/org/junit/jupiter/junit-jupiter-params/5.11.3/junit-jupiter-params-5.11.3.jar:/home/lay/.m2/repository/org/junit/jupiter/junit-jupiter-engine/5.11.3/junit-jupiter-engine-5.11.3.jar:/home/lay/.m2/repository/org/junit/platform/junit-platform-engine/1.11.3/junit-platform-engine-1.11.3.jar:/home/lay/.m2/repository/org/mockito/mockito-core/5.14.2/mockito-core-5.14.2.jar:/home/lay/.m2/repository/net/bytebuddy/byte-buddy-agent/1.15.10/byte-buddy-agent-1.15.10.jar:/home/lay/.m2/repository/org/objenesis/objenesis/3.3/objenesis-3.3.jar:/home/lay/.m2/repository/org/mockito/mockito-junit-jupiter/5.14.2/mockito-junit-jupiter-5.14.2.jar:/home/lay/.m2/repository/org/skyscreamer/jsonassert/1.5.3/jsonassert-1.5.3.jar:/home/lay/.m2/repository/com/vaadin/external/google/android-json/0.0.20131108.vaadin1/android-json-0.0.20131108.vaadin1.jar:/home/lay/.m2/repository/org/springframework/spring-core/6.2.0/spring-core-6.2.0.jar:/home/lay/.m2/repository/org/springframework/spring-jcl/6.2.0/spring-jcl-6.2.0.jar:/home/lay/.m2/repository/org/springframework/spring-test/6.2.0/spring-test-6.2.0.jar:/home/lay/.m2/repository/org/xmlunit/xmlunit-core/2.10.0/xmlunit-core-2.10.0.jar:/home/lay/.m2/repository/org/springframework/boot/spring-boot-devtools/3.4.0/spring-boot-devtools-3.4.0.jar:/home/lay/.m2/repository/org/springframework/boot/spring-boot/3.4.0/spring-boot-3.4.0.jar:/home/lay/.m2/repository/org/springframework/boot/spring-boot-autoconfigure/3.4.0/spring-boot-autoconfigure-3.4.0.jar:/home/lay/.m2/repository/io/rest-assured/rest-assured/5.3.0/rest-assured-5.3.0.jar:/home/lay/.m2/repository/org/apache/groovy/groovy/4.0.24/groovy-4.0.24.jar:/home/lay/.m2/repository/org/apache/groovy/groovy-xml/4.0.24/groovy-xml-4.0.24.jar:/home/lay/.m2/repository/org/apache/httpcomponents/httpclient/4.5.13/httpclient-4.5.13.jar:/home/lay/.m2/repository/org/apache/httpcomponents/httpcore/4.4.16/httpcore-4.4.16.jar:/home/lay/.m2/repository/commons-logging/commons-logging/1.2/commons-logging-1.2.jar:/home/lay/.m2/repository/commons-codec/commons-codec/1.17.1/commons-codec-1.17.1.jar:/home/lay/.m2/repository/org/apache/httpcomponents/httpmime/4.5.13/httpmime-4.5.13.jar:/home/lay/.m2/repository/org/ccil/cowan/tagsoup/tagsoup/1.2.1/tagsoup-1.2.1.jar:/home/lay/.m2/repository/io/rest-assured/json-path/5.5.0/json-path-5.5.0.jar:/home/lay/.m2/repository/org/apache/groovy/groovy-json/4.0.24/groovy-json-4.0.24.jar:/home/lay/.m2/repository/io/rest-assured/rest-assured-common/5.5.0/rest-assured-common-5.5.0.jar:/home/lay/.m2/repository/io/rest-assured/xml-path/5.5.0/xml-path-5.5.0.jar:/home/lay/.m2/repository/org/apache/commons/commons-lang3/3.17.0/commons-lang3-3.17.0.jar:/home/lay/.m2/repository/org/hamcrest/hamcrest/2.2/hamcrest-2.2.jar:/home/lay/.m2/repository/junit/junit/4.13.2/junit-4.13.2.jar:/home/lay/.m2/repository/org/hamcrest/hamcrest-core/2.2/hamcrest-core-2.2.jar:/home/lay/.m2/repository/org/postgresql/postgresql/42.7.4/postgresql-42.7.4.jar:/home/lay/.m2/repository/org/checkerframework/checker-qual/3.42.0/checker-qual-3.42.0.jar:"/>
    <property name="sun.cpu.endian" value="little"/>
    <property name="user.home" value="/home/lay"/>
    <property name="user.language" value="es"/>
    <property name="java.specification.vendor" value="Oracle Corporation"/>
    <property name="java.version.date" value="2024-10-15"/>
    <property name="java.home" value="/usr/lib/jvm/jdk-21.0.5-oracle-x64"/>
    <property name="file.separator" value="/"/>
    <property name="basedir" value="/home/lay/Documentos/bootcamp/springboot/MendeleevAPI"/>
    <property name="java.vm.compressedOopsMode" value="Zero based"/>
    <property name="line.separator" value="&#10;"/>
    <property name="java.specification.name" value="Java Platform API Specification"/>
    <property name="java.vm.specification.vendor" value="Oracle Corporation"/>
    <property name="FILE_LOG_CHARSET" value="UTF-8"/>
    <property name="java.awt.headless" value="true"/>
    <property name="surefire.real.class.path" value="/home/lay/Documentos/bootcamp/springboot/MendeleevAPI/target/surefire/surefirebooter-20241219175607296_3.jar"/>
    <property name="sun.management.compiler" value="HotSpot 64-Bit Tiered Compilers"/>
    <property name="java.runtime.version" value="21.0.5+9-LTS-239"/>
    <property name="user.name" value="lay"/>
    <property name="stdout.encoding" value="UTF-8"/>
    <property name="path.separator" value=":"/>
    <property name="os.version" value="6.1.0-28-amd64"/>
    <property name="java.runtime.name" value="Java(TM) SE Runtime Environment"/>
    <property name="file.encoding" value="UTF-8"/>
    <property name="java.vm.name" value="Java HotSpot(TM) 64-Bit Server VM"/>
    <property name="localRepository" value="/home/lay/.m2/repository"/>
    <property name="java.vendor.url.bug" value="https://bugreport.java.com/bugreport/"/>
    <property name="java.io.tmpdir" value="/tmp"/>
    <property name="com.zaxxer.hikari.pool_number" value="3"/>
    <property name="java.version" value="21.0.5"/>
    <property name="user.dir" value="/home/lay/Documentos/bootcamp/springboot/MendeleevAPI"/>
    <property name="os.arch" value="amd64"/>
    <property name="java.vm.specification.name" value="Java Virtual Machine Specification"/>
    <property name="PID" value="69185"/>
    <property name="CONSOLE_LOG_CHARSET" value="UTF-8"/>
    <property name="native.encoding" value="UTF-8"/>
    <property name="java.library.path" value="/usr/java/packages/lib:/usr/lib64:/lib64:/lib:/usr/lib"/>
    <property name="java.vm.info" value="mixed mode, sharing"/>
    <property name="stderr.encoding" value="UTF-8"/>
    <property name="java.vendor" value="Oracle Corporation"/>
    <property name="java.vm.version" value="21.0.5+9-LTS-239"/>
    <property name="sun.io.unicode.encoding" value="UnicodeLittle"/>
    <property name="java.class.version" value="65.0"/>
  </properties>
  <testcase name="givenElementById_whenDelete_theReturnSuccess" classname="org.example.Controllers.ElementAcceptanceTest" time="0.238">
    <system-out><![CDATA[17:56:08.869 [main] INFO org.springframework.test.context.support.AnnotationConfigContextLoaderUtils -- Could not detect default configuration classes for test class [org.example.Controllers.ElementAcceptanceTest]: ElementAcceptanceTest does not declare any static, non-private, non-final, nested classes annotated with @Configuration.
17:56:08.965 [main] INFO org.springframework.boot.test.context.SpringBootTestContextBootstrapper -- Found @SpringBootConfiguration org.example.MendeleevApplication for test class org.example.Controllers.ElementAcceptanceTest
17:56:09.079 [main] INFO org.springframework.boot.devtools.restart.RestartApplicationListener -- Restart disabled due to context in which it is running

  .   ____          _            __ _ _
 /\\ / ___'_ __ _ _(_)_ __  __ _ \ \ \ \
( ( )\___ | '_ | '_| | '_ \/ _` | \ \ \ \
 \\/  ___)| |_)| | | | | || (_| |  ) ) ) )
  '  |____| .__|_| |_|_| |_\__, | / / / /
 =========|_|==============|___/=/_/_/_/

 :: Spring Boot ::                (v3.4.0)

2024-12-19T17:56:09.284+01:00  INFO 69185 --- [           main] o.e.Controllers.ElementAcceptanceTest    : Starting ElementAcceptanceTest using Java 21.0.5 with PID 69185 (started by lay in /home/lay/Documentos/bootcamp/springboot/MendeleevAPI)
2024-12-19T17:56:09.285+01:00  INFO 69185 --- [           main] o.e.Controllers.ElementAcceptanceTest    : The following 1 profile is active: "test"
2024-12-19T17:56:09.869+01:00  INFO 69185 --- [           main] .s.d.r.c.RepositoryConfigurationDelegate : Bootstrapping Spring Data JPA repositories in DEFAULT mode.
2024-12-19T17:56:09.912+01:00  INFO 69185 --- [           main] .s.d.r.c.RepositoryConfigurationDelegate : Finished Spring Data repository scanning in 36 ms. Found 3 JPA repository interfaces.
2024-12-19T17:56:10.250+01:00  INFO 69185 --- [           main] o.hibernate.jpa.internal.util.LogHelper  : HHH000204: Processing PersistenceUnitInfo [name: default]
2024-12-19T17:56:10.288+01:00  INFO 69185 --- [           main] org.hibernate.Version                    : HHH000412: Hibernate ORM core version 6.6.2.Final
2024-12-19T17:56:10.310+01:00  INFO 69185 --- [           main] o.h.c.internal.RegionFactoryInitiator    : HHH000026: Second-level cache disabled
2024-12-19T17:56:10.398+01:00  INFO 69185 --- [           main] o.s.o.j.p.SpringPersistenceUnitInfo      : No LoadTimeWeaver setup: ignoring JPA class transformer
2024-12-19T17:56:10.419+01:00  INFO 69185 --- [           main] com.zaxxer.hikari.HikariDataSource       : HikariPool-1 - Starting...
2024-12-19T17:56:10.555+01:00  INFO 69185 --- [           main] com.zaxxer.hikari.pool.HikariPool        : HikariPool-1 - Added connection conn0: url=jdbc:h2:mem:testdb user=SA
2024-12-19T17:56:10.556+01:00  INFO 69185 --- [           main] com.zaxxer.hikari.HikariDataSource       : HikariPool-1 - Start completed.
2024-12-19T17:56:10.572+01:00  WARN 69185 --- [           main] org.hibernate.orm.deprecation            : HHH90000025: H2Dialect does not need to be specified explicitly using 'hibernate.dialect' (remove the property setting and it will be selected by default)
2024-12-19T17:56:10.586+01:00  INFO 69185 --- [           main] org.hibernate.orm.connections.pooling    : HHH10001005: Database info:
	Database JDBC URL [Connecting through datasource 'HikariDataSource (HikariPool-1)']
	Database driver: undefined/unknown
	Database version: 2.3.232
	Autocommit mode: undefined/unknown
	Isolation level: undefined/unknown
	Minimum pool size: undefined/unknown
	Maximum pool size: undefined/unknown
2024-12-19T17:56:11.144+01:00  INFO 69185 --- [           main] o.h.e.t.j.p.i.JtaPlatformInitiator       : HHH000489: No JTA platform available (set 'hibernate.transaction.jta.platform' to enable JTA platform integration)
Hibernate: drop table if exists element cascade 
Hibernate: drop table if exists element_group cascade 
Hibernate: drop table if exists more_element_data cascade 
Hibernate: create table element (athomic_number integer, discovery_date DATE, element_group bigint, id bigint generated by default as identity, discovered_by varchar(255), name varchar(255), symbol varchar(255), primary key (id))
Hibernate: create table element_group (group_number integer, id_group bigint generated by default as identity, description varchar(255), name varchar(255), primary key (id_group))
Hibernate: create table more_element_data (molecular_weight float(24) not null, element_id bigint unique, id bigint generated by default as identity, natural_location varchar(255), physical_state enum ('GAS','LIQUID','SOLID'), primary key (id))
Hibernate: alter table if exists element add constraint FKh9q003rpu4hnbvn03it0u9n7c foreign key (element_group) references element_group
Hibernate: alter table if exists more_element_data add constraint FKsg87vjjy8k6i943qp4teecexs foreign key (element_id) references element
2024-12-19T17:56:11.189+01:00  INFO 69185 --- [           main] j.LocalContainerEntityManagerFactoryBean : Initialized JPA EntityManagerFactory for persistence unit 'default'
2024-12-19T17:56:11.411+01:00  INFO 69185 --- [           main] o.s.d.j.r.query.QueryEnhancerFactory     : Hibernate is in classpath; If applicable, HQL parser will be used.
2024-12-19T17:56:11.985+01:00  WARN 69185 --- [           main] JpaBaseConfiguration$JpaWebConfiguration : spring.jpa.open-in-view is enabled by default. Therefore, database queries may be performed during view rendering. Explicitly configure spring.jpa.open-in-view to disable this warning
2024-12-19T17:56:12.251+01:00  INFO 69185 --- [           main] o.s.b.a.h2.H2ConsoleAutoConfiguration    : H2 console available at '/h2-console'. Database available at 'jdbc:h2:mem:testdb'
2024-12-19T17:56:12.299+01:00  INFO 69185 --- [           main] o.s.b.t.m.w.SpringBootMockServletContext : Initializing Spring TestDispatcherServlet ''
2024-12-19T17:56:12.300+01:00  INFO 69185 --- [           main] o.s.t.web.servlet.TestDispatcherServlet  : Initializing Servlet ''
2024-12-19T17:56:12.301+01:00  INFO 69185 --- [           main] o.s.t.web.servlet.TestDispatcherServlet  : Completed initialization in 1 ms
2024-12-19T17:56:12.322+01:00  INFO 69185 --- [           main] o.e.Controllers.ElementAcceptanceTest    : Started ElementAcceptanceTest in 3.25 seconds (process running for 4.976)
Hibernate: insert into element_group (description,group_number,name,id_group) values (?,?,?,default)
Hibernate: insert into element (athomic_number,discovered_by,discovery_date,element_group,name,symbol,id) values (?,?,?,?,?,?,default)
Hibernate: select e1_0.id,e1_0.athomic_number,e1_0.discovered_by,e1_0.discovery_date,eg1_0.id_group,eg1_0.description,eg1_0.group_number,eg1_0.name,e1_0.name,e1_0.symbol from element e1_0 left join element_group eg1_0 on eg1_0.id_group=e1_0.element_group where e1_0.id=?
Hibernate: delete from element where id=?
Hibernate: select count(*) from element e1_0
2024-12-19T17:56:12.560+01:00  INFO 69185 --- [           main] j.LocalContainerEntityManagerFactoryBean : Closing JPA EntityManagerFactory for persistence unit 'default'
Hibernate: drop table if exists element cascade 
Hibernate: drop table if exists element_group cascade 
Hibernate: drop table if exists more_element_data cascade 
2024-12-19T17:56:12.566+01:00  INFO 69185 --- [           main] com.zaxxer.hikari.HikariDataSource       : HikariPool-1 - Shutdown initiated...
2024-12-19T17:56:12.568+01:00  INFO 69185 --- [           main] com.zaxxer.hikari.HikariDataSource       : HikariPool-1 - Shutdown completed.
]]></system-out>
  </testcase>
  <testcase name="givenAValidElement_whenPostRequestIsMade_thenReturnSuccess" classname="org.example.Controllers.ElementAcceptanceTest" time="0.101">
    <system-out><![CDATA[2024-12-19T17:56:12.572+01:00  INFO 69185 --- [           main] o.s.b.d.r.RestartApplicationListener     : Restart disabled due to context in which it is running

  .   ____          _            __ _ _
 /\\ / ___'_ __ _ _(_)_ __  __ _ \ \ \ \
( ( )\___ | '_ | '_| | '_ \/ _` | \ \ \ \
 \\/  ___)| |_)| | | | | || (_| |  ) ) ) )
  '  |____| .__|_| |_|_| |_\__, | / / / /
 =========|_|==============|___/=/_/_/_/

 :: Spring Boot ::                (v3.4.0)

2024-12-19T17:56:12.604+01:00  INFO 69185 --- [           main] o.e.Controllers.ElementAcceptanceTest    : Starting ElementAcceptanceTest using Java 21.0.5 with PID 69185 (started by lay in /home/lay/Documentos/bootcamp/springboot/MendeleevAPI)
2024-12-19T17:56:12.604+01:00  INFO 69185 --- [           main] o.e.Controllers.ElementAcceptanceTest    : The following 1 profile is active: "test"
2024-12-19T17:56:12.743+01:00  INFO 69185 --- [           main] .s.d.r.c.RepositoryConfigurationDelegate : Bootstrapping Spring Data JPA repositories in DEFAULT mode.
2024-12-19T17:56:12.751+01:00  INFO 69185 --- [           main] .s.d.r.c.RepositoryConfigurationDelegate : Finished Spring Data repository scanning in 6 ms. Found 3 JPA repository interfaces.
2024-12-19T17:56:12.809+01:00  INFO 69185 --- [           main] o.hibernate.jpa.internal.util.LogHelper  : HHH000204: Processing PersistenceUnitInfo [name: default]
2024-12-19T17:56:12.810+01:00  INFO 69185 --- [           main] o.h.c.internal.RegionFactoryInitiator    : HHH000026: Second-level cache disabled
2024-12-19T17:56:12.816+01:00  INFO 69185 --- [           main] o.s.o.j.p.SpringPersistenceUnitInfo      : No LoadTimeWeaver setup: ignoring JPA class transformer
2024-12-19T17:56:12.816+01:00  INFO 69185 --- [           main] com.zaxxer.hikari.HikariDataSource       : HikariPool-2 - Starting...
2024-12-19T17:56:12.818+01:00  INFO 69185 --- [           main] com.zaxxer.hikari.pool.HikariPool        : HikariPool-2 - Added connection conn10: url=jdbc:h2:mem:testdb user=SA
2024-12-19T17:56:12.818+01:00  INFO 69185 --- [           main] com.zaxxer.hikari.HikariDataSource       : HikariPool-2 - Start completed.
2024-12-19T17:56:12.819+01:00  WARN 69185 --- [           main] org.hibernate.orm.deprecation            : HHH90000025: H2Dialect does not need to be specified explicitly using 'hibernate.dialect' (remove the property setting and it will be selected by default)
2024-12-19T17:56:12.819+01:00  INFO 69185 --- [           main] org.hibernate.orm.connections.pooling    : HHH10001005: Database info:
	Database JDBC URL [Connecting through datasource 'HikariDataSource (HikariPool-2)']
	Database driver: undefined/unknown
	Database version: 2.3.232
	Autocommit mode: undefined/unknown
	Isolation level: undefined/unknown
	Minimum pool size: undefined/unknown
	Maximum pool size: undefined/unknown
2024-12-19T17:56:12.895+01:00  INFO 69185 --- [           main] o.h.e.t.j.p.i.JtaPlatformInitiator       : HHH000489: No JTA platform available (set 'hibernate.transaction.jta.platform' to enable JTA platform integration)
Hibernate: drop table if exists element cascade 
Hibernate: drop table if exists element_group cascade 
Hibernate: drop table if exists more_element_data cascade 
Hibernate: create table element (athomic_number integer, discovery_date DATE, element_group bigint, id bigint generated by default as identity, discovered_by varchar(255), name varchar(255), symbol varchar(255), primary key (id))
Hibernate: create table element_group (group_number integer, id_group bigint generated by default as identity, description varchar(255), name varchar(255), primary key (id_group))
Hibernate: create table more_element_data (molecular_weight float(24) not null, element_id bigint unique, id bigint generated by default as identity, natural_location varchar(255), physical_state enum ('GAS','LIQUID','SOLID'), primary key (id))
Hibernate: alter table if exists element add constraint FKh9q003rpu4hnbvn03it0u9n7c foreign key (element_group) references element_group
Hibernate: alter table if exists more_element_data add constraint FKsg87vjjy8k6i943qp4teecexs foreign key (element_id) references element
2024-12-19T17:56:12.900+01:00  INFO 69185 --- [           main] j.LocalContainerEntityManagerFactoryBean : Initialized JPA EntityManagerFactory for persistence unit 'default'
2024-12-19T17:56:12.963+01:00  WARN 69185 --- [           main] JpaBaseConfiguration$JpaWebConfiguration : spring.jpa.open-in-view is enabled by default. Therefore, database queries may be performed during view rendering. Explicitly configure spring.jpa.open-in-view to disable this warning
2024-12-19T17:56:13.025+01:00  INFO 69185 --- [           main] o.s.b.a.h2.H2ConsoleAutoConfiguration    : H2 console available at '/h2-console'. Database available at 'jdbc:h2:mem:testdb'
2024-12-19T17:56:13.037+01:00  INFO 69185 --- [           main] o.s.b.t.m.w.SpringBootMockServletContext : Initializing Spring TestDispatcherServlet ''
2024-12-19T17:56:13.037+01:00  INFO 69185 --- [           main] o.s.t.web.servlet.TestDispatcherServlet  : Initializing Servlet ''
2024-12-19T17:56:13.038+01:00  INFO 69185 --- [           main] o.s.t.web.servlet.TestDispatcherServlet  : Completed initialization in 1 ms
2024-12-19T17:56:13.044+01:00  INFO 69185 --- [           main] o.e.Controllers.ElementAcceptanceTest    : Started ElementAcceptanceTest in 0.472 seconds (process running for 5.698)
Hibernate: insert into element_group (description,group_number,name,id_group) values (?,?,?,default)
Hibernate: insert into element (athomic_number,discovered_by,discovery_date,element_group,name,symbol,id) values (?,?,?,?,?,?,default)
Hibernate: select eg1_0.id_group,eg1_0.description,eg1_0.group_number,eg1_0.name from element_group eg1_0 where eg1_0.id_group=?
Hibernate: insert into element (athomic_number,discovered_by,discovery_date,element_group,name,symbol,id) values (?,?,?,?,?,?,default)
2024-12-19T17:56:13.130+01:00  INFO 69185 --- [           main] j.LocalContainerEntityManagerFactoryBean : Closing JPA EntityManagerFactory for persistence unit 'default'
Hibernate: drop table if exists element cascade 
Hibernate: drop table if exists element_group cascade 
Hibernate: drop table if exists more_element_data cascade 
2024-12-19T17:56:13.132+01:00  INFO 69185 --- [           main] com.zaxxer.hikari.HikariDataSource       : HikariPool-2 - Shutdown initiated...
2024-12-19T17:56:13.146+01:00  INFO 69185 --- [           main] com.zaxxer.hikari.HikariDataSource       : HikariPool-2 - Shutdown completed.
]]></system-out>
  </testcase>
  <testcase name="givenElementById_whenUpdate_thenReturnSuccess" classname="org.example.Controllers.ElementAcceptanceTest" time="0.065">
    <system-out><![CDATA[2024-12-19T17:56:13.149+01:00  INFO 69185 --- [           main] o.s.b.d.r.RestartApplicationListener     : Restart disabled due to context in which it is running

  .   ____          _            __ _ _
 /\\ / ___'_ __ _ _(_)_ __  __ _ \ \ \ \
( ( )\___ | '_ | '_| | '_ \/ _` | \ \ \ \
 \\/  ___)| |_)| | | | | || (_| |  ) ) ) )
  '  |____| .__|_| |_|_| |_\__, | / / / /
 =========|_|==============|___/=/_/_/_/

 :: Spring Boot ::                (v3.4.0)

2024-12-19T17:56:13.173+01:00  INFO 69185 --- [           main] o.e.Controllers.ElementAcceptanceTest    : Starting ElementAcceptanceTest using Java 21.0.5 with PID 69185 (started by lay in /home/lay/Documentos/bootcamp/springboot/MendeleevAPI)
2024-12-19T17:56:13.174+01:00  INFO 69185 --- [           main] o.e.Controllers.ElementAcceptanceTest    : The following 1 profile is active: "test"
2024-12-19T17:56:13.276+01:00  INFO 69185 --- [           main] .s.d.r.c.RepositoryConfigurationDelegate : Bootstrapping Spring Data JPA repositories in DEFAULT mode.
2024-12-19T17:56:13.282+01:00  INFO 69185 --- [           main] .s.d.r.c.RepositoryConfigurationDelegate : Finished Spring Data repository scanning in 5 ms. Found 3 JPA repository interfaces.
2024-12-19T17:56:13.334+01:00  INFO 69185 --- [           main] o.hibernate.jpa.internal.util.LogHelper  : HHH000204: Processing PersistenceUnitInfo [name: default]
2024-12-19T17:56:13.336+01:00  INFO 69185 --- [           main] o.h.c.internal.RegionFactoryInitiator    : HHH000026: Second-level cache disabled
2024-12-19T17:56:13.341+01:00  INFO 69185 --- [           main] o.s.o.j.p.SpringPersistenceUnitInfo      : No LoadTimeWeaver setup: ignoring JPA class transformer
2024-12-19T17:56:13.342+01:00  INFO 69185 --- [           main] com.zaxxer.hikari.HikariDataSource       : HikariPool-3 - Starting...
2024-12-19T17:56:13.344+01:00  INFO 69185 --- [           main] com.zaxxer.hikari.pool.HikariPool        : HikariPool-3 - Added connection conn18: url=jdbc:h2:mem:testdb user=SA
2024-12-19T17:56:13.344+01:00  INFO 69185 --- [           main] com.zaxxer.hikari.HikariDataSource       : HikariPool-3 - Start completed.
2024-12-19T17:56:13.344+01:00  WARN 69185 --- [           main] org.hibernate.orm.deprecation            : HHH90000025: H2Dialect does not need to be specified explicitly using 'hibernate.dialect' (remove the property setting and it will be selected by default)
2024-12-19T17:56:13.344+01:00  INFO 69185 --- [           main] org.hibernate.orm.connections.pooling    : HHH10001005: Database info:
	Database JDBC URL [Connecting through datasource 'HikariDataSource (HikariPool-3)']
	Database driver: undefined/unknown
	Database version: 2.3.232
	Autocommit mode: undefined/unknown
	Isolation level: undefined/unknown
	Minimum pool size: undefined/unknown
	Maximum pool size: undefined/unknown
2024-12-19T17:56:13.403+01:00  INFO 69185 --- [           main] o.h.e.t.j.p.i.JtaPlatformInitiator       : HHH000489: No JTA platform available (set 'hibernate.transaction.jta.platform' to enable JTA platform integration)
Hibernate: drop table if exists element cascade 
Hibernate: drop table if exists element_group cascade 
Hibernate: drop table if exists more_element_data cascade 
Hibernate: create table element (athomic_number integer, discovery_date DATE, element_group bigint, id bigint generated by default as identity, discovered_by varchar(255), name varchar(255), symbol varchar(255), primary key (id))
Hibernate: create table element_group (group_number integer, id_group bigint generated by default as identity, description varchar(255), name varchar(255), primary key (id_group))
Hibernate: create table more_element_data (molecular_weight float(24) not null, element_id bigint unique, id bigint generated by default as identity, natural_location varchar(255), physical_state enum ('GAS','LIQUID','SOLID'), primary key (id))
Hibernate: alter table if exists element add constraint FKh9q003rpu4hnbvn03it0u9n7c foreign key (element_group) references element_group
Hibernate: alter table if exists more_element_data add constraint FKsg87vjjy8k6i943qp4teecexs foreign key (element_id) references element
2024-12-19T17:56:13.409+01:00  INFO 69185 --- [           main] j.LocalContainerEntityManagerFactoryBean : Initialized JPA EntityManagerFactory for persistence unit 'default'
2024-12-19T17:56:13.460+01:00  WARN 69185 --- [           main] JpaBaseConfiguration$JpaWebConfiguration : spring.jpa.open-in-view is enabled by default. Therefore, database queries may be performed during view rendering. Explicitly configure spring.jpa.open-in-view to disable this warning
2024-12-19T17:56:13.542+01:00  INFO 69185 --- [           main] o.s.b.a.h2.H2ConsoleAutoConfiguration    : H2 console available at '/h2-console'. Database available at 'jdbc:h2:mem:testdb'
2024-12-19T17:56:13.556+01:00  INFO 69185 --- [           main] o.s.b.t.m.w.SpringBootMockServletContext : Initializing Spring TestDispatcherServlet ''
2024-12-19T17:56:13.556+01:00  INFO 69185 --- [           main] o.s.t.web.servlet.TestDispatcherServlet  : Initializing Servlet ''
2024-12-19T17:56:13.556+01:00  INFO 69185 --- [           main] o.s.t.web.servlet.TestDispatcherServlet  : Completed initialization in 0 ms
2024-12-19T17:56:13.562+01:00  INFO 69185 --- [           main] o.e.Controllers.ElementAcceptanceTest    : Started ElementAcceptanceTest in 0.413 seconds (process running for 6.216)
Hibernate: insert into element_group (description,group_number,name,id_group) values (?,?,?,default)
Hibernate: insert into element (athomic_number,discovered_by,discovery_date,element_group,name,symbol,id) values (?,?,?,?,?,?,default)
Hibernate: select e1_0.id,e1_0.athomic_number,e1_0.discovered_by,e1_0.discovery_date,eg1_0.id_group,eg1_0.description,eg1_0.group_number,eg1_0.name,e1_0.name,e1_0.symbol from element e1_0 left join element_group eg1_0 on eg1_0.id_group=e1_0.element_group where e1_0.id=?
Hibernate: update element set athomic_number=?,discovered_by=?,discovery_date=?,element_group=?,name=?,symbol=? where id=?
2024-12-19T17:56:13.608+01:00  INFO 69185 --- [           main] j.LocalContainerEntityManagerFactoryBean : Closing JPA EntityManagerFactory for persistence unit 'default'
Hibernate: drop table if exists element cascade 
Hibernate: drop table if exists element_group cascade 
Hibernate: drop table if exists more_element_data cascade 
2024-12-19T17:56:13.611+01:00  INFO 69185 --- [           main] com.zaxxer.hikari.HikariDataSource       : HikariPool-3 - Shutdown initiated...
2024-12-19T17:56:13.629+01:00  INFO 69185 --- [           main] com.zaxxer.hikari.HikariDataSource       : HikariPool-3 - Shutdown completed.
]]></system-out>
  </testcase>
</testsuite>